2015-11-10 15:26:56 10fc InnoDB: Warning: Using innodb_additional_mem_pool_size is DEPRECATED. This option may be removed in future releases, together with the option innodb_use_sys_malloc and with the InnoDB's internal memory allocator.
2015-11-10 15:26:56 4348 [Note] InnoDB: Using mutexes to ref count buffer pool pages
2015-11-10 15:26:56 4348 [Note] InnoDB: The InnoDB memory heap is disabled
2015-11-10 15:26:56 4348 [Note] InnoDB: Mutexes and rw_locks use Windows interlocked functions
2015-11-10 15:26:56 4348 [Note] InnoDB: Memory barrier is not used
2015-11-10 15:26:56 4348 [Note] InnoDB: Compressed tables use zlib 1.2.3
2015-11-10 15:26:56 4348 [Note] InnoDB: Not using CPU crc32 instructions
2015-11-10 15:26:56 4348 [Note] InnoDB: Initializing buffer pool, size = 16.0M
2015-11-10 15:26:56 4348 [Note] InnoDB: Completed initialization of buffer pool
2015-11-10 15:26:56 4348 [Note] InnoDB: Highest supported file format is Barracuda.
2015-11-10 15:26:57 4348 [Note] InnoDB: 128 rollback segment(s) are active.
2015-11-10 15:26:57 4348 [Note] InnoDB: Waiting for purge to start
2015-11-10 15:26:57 4348 [Note] InnoDB:  Percona XtraDB (http://www.percona.com) 5.6.26-74.0 started; log sequence number 1835027
2015-11-10 15:26:57 6140 [Note] InnoDB: Dumping buffer pool(s) not yet started
2015-11-10 15:26:57 4348 [Note] Plugin 'FEEDBACK' is disabled.
2015-11-10 15:26:57 4348 [Note] Server socket created on IP: '::'.
2015-11-10 15:26:57 4348 [Note] Event Scheduler: Loaded 0 events
2015-11-10 15:26:57 4348 [Note] C:\xampp\mysql\bin\mysqld.exe: ready for connections.
Version: '10.1.8-MariaDB'  socket: ''  port: 3306  mariadb.org binary distribution
2015-11-10 15:27:11 5152 [Note] C:\xampp\mysql\bin\mysqld.exe: Normal shutdown

2015-11-10 15:27:11 5152 [Note] Event Scheduler: Purging the queue. 0 events
2015-11-10 15:27:11 5732 [Note] InnoDB: FTS optimize thread exiting.
2015-11-10 15:27:11 5152 [Note] InnoDB: Starting shutdown...
2015-11-10 15:27:13 5152 [Note] InnoDB: Shutdown completed; log sequence number 1835037
2015-11-10 15:27:13 5152 [Note] C:\xampp\mysql\bin\mysqld.exe: Shutdown complete

2018-02-09 13:46:12 19d0 InnoDB: Warning: Using innodb_additional_mem_pool_size is DEPRECATED. This option may be removed in future releases, together with the option innodb_use_sys_malloc and with the InnoDB's internal memory allocator.
2018-02-09 13:46:12 6608 [Note] InnoDB: innodb_empty_free_list_algorithm has been changed to legacy because of small buffer pool size. In order to use backoff, increase buffer pool at least up to 20MB.

2018-02-09 13:46:12 6608 [Note] InnoDB: Using mutexes to ref count buffer pool pages
2018-02-09 13:46:12 6608 [Note] InnoDB: The InnoDB memory heap is disabled
2018-02-09 13:46:12 6608 [Note] InnoDB: Mutexes and rw_locks use Windows interlocked functions
2018-02-09 13:46:12 6608 [Note] InnoDB: _mm_lfence() and _mm_sfence() are used for memory barrier
2018-02-09 13:46:12 6608 [Note] InnoDB: Compressed tables use zlib 1.2.3
2018-02-09 13:46:12 6608 [Note] InnoDB: Using generic crc32 instructions
2018-02-09 13:46:12 6608 [Note] InnoDB: Initializing buffer pool, size = 16.0M
2018-02-09 13:46:12 6608 [Note] InnoDB: Completed initialization of buffer pool
2018-02-09 13:46:12 6608 [Note] InnoDB: Highest supported file format is Barracuda.
2018-02-09 13:46:12 6608 [Note] InnoDB: 128 rollback segment(s) are active.
2018-02-09 13:46:12 6608 [Note] InnoDB: Waiting for purge to start
2018-02-09 13:46:12 6608 [Note] InnoDB:  Percona XtraDB (http://www.percona.com) 5.6.36-82.2 started; log sequence number 1835037
2018-02-09 13:46:12 3796 [Note] InnoDB: Dumping buffer pool(s) not yet started
2018-02-09 13:46:12 6608 [Note] Plugin 'FEEDBACK' is disabled.
2018-02-09 13:46:12 6608 [Note] Server socket created on IP: '::'.
2018-02-09 13:46:12 6608 [Note] c:\xampp\mysql\bin\mysqld.exe: ready for connections.
Version: '10.1.30-MariaDB'  socket: ''  port: 3306  mariadb.org binary distribution
2018-02-11 15:41:36 14f4 InnoDB: Warning: Using innodb_additional_mem_pool_size is DEPRECATED. This option may be removed in future releases, together with the option innodb_use_sys_malloc and with the InnoDB's internal memory allocator.
2018-02-11 15:41:36 5364 [Note] InnoDB: innodb_empty_free_list_algorithm has been changed to legacy because of small buffer pool size. In order to use backoff, increase buffer pool at least up to 20MB.

2018-02-11 15:41:36 5364 [Note] InnoDB: Using mutexes to ref count buffer pool pages
2018-02-11 15:41:36 5364 [Note] InnoDB: The InnoDB memory heap is disabled
2018-02-11 15:41:36 5364 [Note] InnoDB: Mutexes and rw_locks use Windows interlocked functions
2018-02-11 15:41:36 5364 [Note] InnoDB: _mm_lfence() and _mm_sfence() are used for memory barrier
2018-02-11 15:41:36 5364 [Note] InnoDB: Compressed tables use zlib 1.2.3
2018-02-11 15:41:36 5364 [Note] InnoDB: Using generic crc32 instructions
2018-02-11 15:41:36 5364 [Note] InnoDB: Initializing buffer pool, size = 16.0M
2018-02-11 15:41:36 5364 [Note] InnoDB: Completed initialization of buffer pool
2018-02-11 15:41:36 5364 [Note] InnoDB: Highest supported file format is Barracuda.
2018-02-11 15:41:36 5364 [Note] InnoDB: The log sequence number 1835037 in ibdata file do not match the log sequence number 1835452 in the ib_logfiles!
2018-02-11 15:41:36 5364 [Note] InnoDB: Restoring possible half-written data pages from the doublewrite buffer...
2018-02-11 15:41:36 5364 [Note] InnoDB: 128 rollback segment(s) are active.
2018-02-11 15:41:36 5364 [Note] InnoDB: Waiting for purge to start
2018-02-11 15:41:36 5364 [Note] InnoDB:  Percona XtraDB (http://www.percona.com) 5.6.36-82.2 started; log sequence number 1835452
2018-02-11 15:41:36 8224 [Note] InnoDB: Dumping buffer pool(s) not yet started
2018-02-11 15:41:36 5364 [Note] Plugin 'FEEDBACK' is disabled.
2018-02-11 15:41:36 5364 [Note] Server socket created on IP: '::'.
2018-02-11 15:41:37 5364 [Note] c:\xampp\mysql\bin\mysqld.exe: ready for connections.
Version: '10.1.30-MariaDB'  socket: ''  port: 3306  mariadb.org binary distribution
2018-02-13 11:30:32 844 InnoDB: Warning: Using innodb_additional_mem_pool_size is DEPRECATED. This option may be removed in future releases, together with the option innodb_use_sys_malloc and with the InnoDB's internal memory allocator.
2018-02-13 11:30:32 2116 [Note] InnoDB: innodb_empty_free_list_algorithm has been changed to legacy because of small buffer pool size. In order to use backoff, increase buffer pool at least up to 20MB.

2018-02-13 11:30:32 2116 [Note] InnoDB: Using mutexes to ref count buffer pool pages
2018-02-13 11:30:32 2116 [Note] InnoDB: The InnoDB memory heap is disabled
2018-02-13 11:30:32 2116 [Note] InnoDB: Mutexes and rw_locks use Windows interlocked functions
2018-02-13 11:30:32 2116 [Note] InnoDB: _mm_lfence() and _mm_sfence() are used for memory barrier
2018-02-13 11:30:32 2116 [Note] InnoDB: Compressed tables use zlib 1.2.3
2018-02-13 11:30:32 2116 [Note] InnoDB: Using generic crc32 instructions
2018-02-13 11:30:32 2116 [Note] InnoDB: Initializing buffer pool, size = 16.0M
2018-02-13 11:30:32 2116 [Note] InnoDB: Completed initialization of buffer pool
2018-02-13 11:30:32 2116 [Note] InnoDB: Highest supported file format is Barracuda.
2018-02-13 11:30:32 2116 [Note] InnoDB: The log sequence number 1835037 in ibdata file do not match the log sequence number 7819081 in the ib_logfiles!
2018-02-13 11:30:32 2116 [Note] InnoDB: Restoring possible half-written data pages from the doublewrite buffer...
2018-02-13 11:30:32 2116 [Note] InnoDB: 128 rollback segment(s) are active.
2018-02-13 11:30:32 2116 [Note] InnoDB: Waiting for purge to start
2018-02-13 11:30:32 2116 [Note] InnoDB:  Percona XtraDB (http://www.percona.com) 5.6.36-82.2 started; log sequence number 7819081
2018-02-13 11:30:32 5036 [Note] InnoDB: Dumping buffer pool(s) not yet started
2018-02-13 11:30:32 2116 [Note] Plugin 'FEEDBACK' is disabled.
2018-02-13 11:30:32 2116 [Note] Server socket created on IP: '::'.
2018-02-13 11:30:32 2116 [Note] c:\xampp\mysql\bin\mysqld.exe: ready for connections.
Version: '10.1.30-MariaDB'  socket: ''  port: 3306  mariadb.org binary distribution
2018-02-15 09:57:20 1f00 InnoDB: Warning: Using innodb_additional_mem_pool_size is DEPRECATED. This option may be removed in future releases, together with the option innodb_use_sys_malloc and with the InnoDB's internal memory allocator.
2018-02-15  9:57:20 7936 [Note] InnoDB: innodb_empty_free_list_algorithm has been changed to legacy because of small buffer pool size. In order to use backoff, increase buffer pool at least up to 20MB.

2018-02-15  9:57:20 7936 [Note] InnoDB: Using mutexes to ref count buffer pool pages
2018-02-15  9:57:20 7936 [Note] InnoDB: The InnoDB memory heap is disabled
2018-02-15  9:57:20 7936 [Note] InnoDB: Mutexes and rw_locks use Windows interlocked functions
2018-02-15  9:57:20 7936 [Note] InnoDB: _mm_lfence() and _mm_sfence() are used for memory barrier
2018-02-15  9:57:20 7936 [Note] InnoDB: Compressed tables use zlib 1.2.3
2018-02-15  9:57:20 7936 [Note] InnoDB: Using generic crc32 instructions
2018-02-15  9:57:20 7936 [Note] InnoDB: Initializing buffer pool, size = 16.0M
2018-02-15  9:57:20 7936 [Note] InnoDB: Completed initialization of buffer pool
2018-02-15  9:57:20 7936 [Note] InnoDB: Highest supported file format is Barracuda.
2018-02-15  9:57:20 7936 [Note] InnoDB: The log sequence number 1835037 in ibdata file do not match the log sequence number 9842116 in the ib_logfiles!
2018-02-15  9:57:20 7936 [Note] InnoDB: Restoring possible half-written data pages from the doublewrite buffer...
2018-02-15  9:57:21 7936 [Note] InnoDB: 128 rollback segment(s) are active.
2018-02-15  9:57:21 7936 [Note] InnoDB: Waiting for purge to start
2018-02-15  9:57:21 7936 [Note] InnoDB:  Percona XtraDB (http://www.percona.com) 5.6.36-82.2 started; log sequence number 9842116
2018-02-15  9:57:21 11492 [Note] InnoDB: Dumping buffer pool(s) not yet started
2018-02-15  9:57:21 7936 [Note] Plugin 'FEEDBACK' is disabled.
2018-02-15  9:57:21 7936 [Note] Server socket created on IP: '::'.
2018-02-15  9:57:21 7936 [Note] c:\xampp\mysql\bin\mysqld.exe: ready for connections.
Version: '10.1.30-MariaDB'  socket: ''  port: 3306  mariadb.org binary distribution
2018-02-16 14:41:01 2494 InnoDB: Warning: Using innodb_additional_mem_pool_size is DEPRECATED. This option may be removed in future releases, together with the option innodb_use_sys_malloc and with the InnoDB's internal memory allocator.
2018-02-16 14:41:01 9364 [Note] InnoDB: innodb_empty_free_list_algorithm has been changed to legacy because of small buffer pool size. In order to use backoff, increase buffer pool at least up to 20MB.

2018-02-16 14:41:01 9364 [Note] InnoDB: Using mutexes to ref count buffer pool pages
2018-02-16 14:41:01 9364 [Note] InnoDB: The InnoDB memory heap is disabled
2018-02-16 14:41:01 9364 [Note] InnoDB: Mutexes and rw_locks use Windows interlocked functions
2018-02-16 14:41:01 9364 [Note] InnoDB: _mm_lfence() and _mm_sfence() are used for memory barrier
2018-02-16 14:41:01 9364 [Note] InnoDB: Compressed tables use zlib 1.2.3
2018-02-16 14:41:01 9364 [Note] InnoDB: Using generic crc32 instructions
2018-02-16 14:41:01 9364 [Note] InnoDB: Initializing buffer pool, size = 16.0M
2018-02-16 14:41:01 9364 [Note] InnoDB: Completed initialization of buffer pool
2018-02-16 14:41:01 9364 [Note] InnoDB: Highest supported file format is Barracuda.
2018-02-16 14:41:01 9364 [Note] InnoDB: The log sequence number 1835037 in ibdata file do not match the log sequence number 11439058 in the ib_logfiles!
2018-02-16 14:41:01 9364 [Note] InnoDB: Restoring possible half-written data pages from the doublewrite buffer...
2018-02-16 14:41:01 9364 [Note] InnoDB: 128 rollback segment(s) are active.
2018-02-16 14:41:01 9364 [Note] InnoDB: Waiting for purge to start
2018-02-16 14:41:01 9364 [Note] InnoDB:  Percona XtraDB (http://www.percona.com) 5.6.36-82.2 started; log sequence number 11439058
2018-02-16 14:41:01 3016 [Note] InnoDB: Dumping buffer pool(s) not yet started
2018-02-16 14:41:01 9364 [Note] Plugin 'FEEDBACK' is disabled.
2018-02-16 14:41:01 9364 [Note] Server socket created on IP: '::'.
2018-02-16 14:41:01 9364 [Note] c:\xampp\mysql\bin\mysqld.exe: ready for connections.
Version: '10.1.30-MariaDB'  socket: ''  port: 3306  mariadb.org binary distribution
2018-02-19 13:40:58 a40 InnoDB: Warning: Using innodb_additional_mem_pool_size is DEPRECATED. This option may be removed in future releases, together with the option innodb_use_sys_malloc and with the InnoDB's internal memory allocator.
2018-02-19 13:40:58 2624 [Note] InnoDB: innodb_empty_free_list_algorithm has been changed to legacy because of small buffer pool size. In order to use backoff, increase buffer pool at least up to 20MB.

2018-02-19 13:40:58 2624 [Note] InnoDB: Using mutexes to ref count buffer pool pages
2018-02-19 13:40:58 2624 [Note] InnoDB: The InnoDB memory heap is disabled
2018-02-19 13:40:58 2624 [Note] InnoDB: Mutexes and rw_locks use Windows interlocked functions
2018-02-19 13:40:58 2624 [Note] InnoDB: _mm_lfence() and _mm_sfence() are used for memory barrier
2018-02-19 13:40:58 2624 [Note] InnoDB: Compressed tables use zlib 1.2.3
2018-02-19 13:40:58 2624 [Note] InnoDB: Using generic crc32 instructions
2018-02-19 13:40:58 2624 [Note] InnoDB: Initializing buffer pool, size = 16.0M
2018-02-19 13:40:58 2624 [Note] InnoDB: Completed initialization of buffer pool
2018-02-19 13:40:58 2624 [Note] InnoDB: Highest supported file format is Barracuda.
2018-02-19 13:40:58 2624 [Note] InnoDB: The log sequence number 1835037 in ibdata file do not match the log sequence number 12295353 in the ib_logfiles!
2018-02-19 13:40:58 2624 [Note] InnoDB: Restoring possible half-written data pages from the doublewrite buffer...
2018-02-19 13:40:59 2624 [Note] InnoDB: 128 rollback segment(s) are active.
2018-02-19 13:40:59 2624 [Note] InnoDB: Waiting for purge to start
2018-02-19 13:40:59 2624 [Note] InnoDB:  Percona XtraDB (http://www.percona.com) 5.6.36-82.2 started; log sequence number 12295353
2018-02-19 13:40:59 12272 [Note] InnoDB: Dumping buffer pool(s) not yet started
2018-02-19 13:40:59 2624 [Note] Plugin 'FEEDBACK' is disabled.
2018-02-19 13:40:59 2624 [Note] Server socket created on IP: '::'.
2018-02-19 13:40:59 2624 [Note] c:\xampp\mysql\bin\mysqld.exe: ready for connections.
Version: '10.1.30-MariaDB'  socket: ''  port: 3306  mariadb.org binary distribution
