13:46:07  [main] 	Initializing Control Panel
13:46:07  [main] 	Windows Version:  Home  64-bit
13:46:07  [main] 	XAMPP Version: 7.2.1
13:46:07  [main] 	Control Panel Version: 3.2.2  [ Compiled: Nov 12th 2015 ]
13:46:07  [main] 	You are not running with administrator rights! This will work for
13:46:07  [main] 	most application stuff but whenever you do something with services
13:46:07  [main] 	there will be a security dialogue or things will break! So think 
13:46:07  [main] 	about running this application with administrator rights!
13:46:07  [main] 	XAMPP Installation Directory: "c:\xampp\"
13:46:07  [main] 	Checking for prerequisites
13:46:07  [main] 	All prerequisites found
13:46:07  [main] 	Initializing Modules
13:46:07  [main] 	Starting Check-Timer
13:46:07  [main] 	Control Panel Ready
13:46:09  [Apache] 	Attempting to start Apache app...
13:46:09  [Apache] 	Status change detected: running
13:46:12  [mysql] 	Attempting to start MySQL app...
13:46:12  [mysql] 	Status change detected: running
17:40:01  [main] 	Deinitializing Modules
17:40:01  [main] 	Deinitializing Control Panel

15:41:27  [main] 	Initializing Control Panel
15:41:27  [main] 	Windows Version:  Home  64-bit
15:41:27  [main] 	XAMPP Version: 7.2.1
15:41:27  [main] 	Control Panel Version: 3.2.2  [ Compiled: Nov 12th 2015 ]
15:41:27  [main] 	You are not running with administrator rights! This will work for
15:41:27  [main] 	most application stuff but whenever you do something with services
15:41:27  [main] 	there will be a security dialogue or things will break! So think 
15:41:27  [main] 	about running this application with administrator rights!
15:41:27  [main] 	XAMPP Installation Directory: "c:\xampp\"
15:41:27  [main] 	Checking for prerequisites
15:41:29  [main] 	All prerequisites found
15:41:29  [main] 	Initializing Modules
15:41:29  [main] 	Starting Check-Timer
15:41:29  [main] 	Control Panel Ready
15:41:30  [Apache] 	Attempting to start Apache app...
15:41:31  [Apache] 	Status change detected: running
15:41:36  [mysql] 	Attempting to start MySQL app...
15:41:36  [mysql] 	Status change detected: running
22:10:01  [main] 	Deinitializing Modules
22:10:01  [main] 	Deinitializing Control Panel

11:30:28  [main] 	Initializing Control Panel
11:30:28  [main] 	Windows Version:  Home  64-bit
11:30:28  [main] 	XAMPP Version: 7.2.1
11:30:28  [main] 	Control Panel Version: 3.2.2  [ Compiled: Nov 12th 2015 ]
11:30:28  [main] 	You are not running with administrator rights! This will work for
11:30:28  [main] 	most application stuff but whenever you do something with services
11:30:28  [main] 	there will be a security dialogue or things will break! So think 
11:30:28  [main] 	about running this application with administrator rights!
11:30:28  [main] 	XAMPP Installation Directory: "c:\xampp\"
11:30:28  [main] 	Checking for prerequisites
11:30:29  [main] 	All prerequisites found
11:30:29  [main] 	Initializing Modules
11:30:29  [main] 	Starting Check-Timer
11:30:29  [main] 	Control Panel Ready
11:30:31  [Apache] 	Attempting to start Apache app...
11:30:31  [Apache] 	Status change detected: running
11:30:31  [mysql] 	Attempting to start MySQL app...
11:30:32  [mysql] 	Status change detected: running
17:43:01  [main] 	Deinitializing Modules
17:43:01  [main] 	Deinitializing Control Panel

09:57:15  [main] 	Initializing Control Panel
09:57:15  [main] 	Windows Version:  Home  64-bit
09:57:15  [main] 	XAMPP Version: 7.2.1
09:57:15  [main] 	Control Panel Version: 3.2.2  [ Compiled: Nov 12th 2015 ]
09:57:15  [main] 	You are not running with administrator rights! This will work for
09:57:15  [main] 	most application stuff but whenever you do something with services
09:57:15  [main] 	there will be a security dialogue or things will break! So think 
09:57:15  [main] 	about running this application with administrator rights!
09:57:15  [main] 	XAMPP Installation Directory: "c:\xampp\"
09:57:15  [main] 	Checking for prerequisites
09:57:16  [main] 	All prerequisites found
09:57:16  [main] 	Initializing Modules
09:57:16  [main] 	Starting Check-Timer
09:57:16  [main] 	Control Panel Ready
09:57:19  [Apache] 	Attempting to start Apache app...
09:57:19  [Apache] 	Status change detected: running
09:57:20  [mysql] 	Attempting to start MySQL app...
09:57:20  [mysql] 	Status change detected: running
22:30:37  [main] 	Deinitializing Modules
22:30:37  [main] 	Deinitializing Control Panel

14:40:57  [main] 	Initializing Control Panel
14:40:57  [main] 	Windows Version:  Home  64-bit
14:40:57  [main] 	XAMPP Version: 7.2.1
14:40:57  [main] 	Control Panel Version: 3.2.2  [ Compiled: Nov 12th 2015 ]
14:40:57  [main] 	You are not running with administrator rights! This will work for
14:40:57  [main] 	most application stuff but whenever you do something with services
14:40:57  [main] 	there will be a security dialogue or things will break! So think 
14:40:57  [main] 	about running this application with administrator rights!
14:40:57  [main] 	XAMPP Installation Directory: "c:\xampp\"
14:40:57  [main] 	Checking for prerequisites
14:40:58  [main] 	All prerequisites found
14:40:58  [main] 	Initializing Modules
14:40:58  [main] 	Starting Check-Timer
14:40:58  [main] 	Control Panel Ready
14:41:00  [Apache] 	Attempting to start Apache app...
14:41:00  [Apache] 	Status change detected: running
14:41:01  [mysql] 	Attempting to start MySQL app...
14:41:01  [mysql] 	Status change detected: running
18:58:58  [main] 	Deinitializing Modules
18:58:58  [main] 	Deinitializing Control Panel

