[Wed Feb 07 08:14:10.736144 2018] [ssl:warn] [pid 7628:tid 636] AH01909: www.example.com:443:0 server certificate does NOT include an ID which matches the server name
[Wed Feb 07 08:14:10.783056 2018] [ssl:warn] [pid 7628:tid 636] AH01909: www.example.com:443:0 server certificate does NOT include an ID which matches the server name
[Wed Feb 07 08:14:11.658119 2018] [mpm_winnt:notice] [pid 7628:tid 636] AH00455: Apache/2.4.29 (Win32) OpenSSL/1.1.0g PHP/7.2.1 configured -- resuming normal operations
[Wed Feb 07 08:14:11.658119 2018] [mpm_winnt:notice] [pid 7628:tid 636] AH00456: Apache Lounge VC15 Server built: Nov  3 2017 10:30:36
[Wed Feb 07 08:14:11.658119 2018] [core:notice] [pid 7628:tid 636] AH00094: Command line: 'C:\\xampp\\apache\\bin\\httpd.exe -d C:/xampp/apache'
[Wed Feb 07 08:14:11.658119 2018] [mpm_winnt:notice] [pid 7628:tid 636] AH00418: Parent: Created child process 12364
[Wed Feb 07 08:14:12.017531 2018] [ssl:warn] [pid 12364:tid 708] AH01909: www.example.com:443:0 server certificate does NOT include an ID which matches the server name
[Wed Feb 07 08:14:12.064412 2018] [ssl:warn] [pid 12364:tid 708] AH01909: www.example.com:443:0 server certificate does NOT include an ID which matches the server name
[Wed Feb 07 08:14:12.080039 2018] [mpm_winnt:notice] [pid 12364:tid 708] AH00354: Child: Starting 150 worker threads.
[Fri Feb 09 13:46:10.004573 2018] [ssl:warn] [pid 7220:tid 660] AH01909: www.example.com:443:0 server certificate does NOT include an ID which matches the server name
[Fri Feb 09 13:46:10.067080 2018] [ssl:warn] [pid 7220:tid 660] AH01909: www.example.com:443:0 server certificate does NOT include an ID which matches the server name
[Fri Feb 09 13:46:10.201429 2018] [mpm_winnt:notice] [pid 7220:tid 660] AH00455: Apache/2.4.29 (Win32) OpenSSL/1.1.0g PHP/7.2.1 configured -- resuming normal operations
[Fri Feb 09 13:46:10.201429 2018] [mpm_winnt:notice] [pid 7220:tid 660] AH00456: Apache Lounge VC15 Server built: Nov  3 2017 10:30:36
[Fri Feb 09 13:46:10.201429 2018] [core:notice] [pid 7220:tid 660] AH00094: Command line: 'c:\\xampp\\apache\\bin\\httpd.exe -d C:/xampp/apache'
[Fri Feb 09 13:46:10.201429 2018] [mpm_winnt:notice] [pid 7220:tid 660] AH00418: Parent: Created child process 1592
[Fri Feb 09 13:46:10.701483 2018] [ssl:warn] [pid 1592:tid 676] AH01909: www.example.com:443:0 server certificate does NOT include an ID which matches the server name
[Fri Feb 09 13:46:10.748363 2018] [ssl:warn] [pid 1592:tid 676] AH01909: www.example.com:443:0 server certificate does NOT include an ID which matches the server name
[Fri Feb 09 13:46:10.779617 2018] [mpm_winnt:notice] [pid 1592:tid 676] AH00354: Child: Starting 150 worker threads.
[Sun Feb 11 15:41:33.489862 2018] [ssl:warn] [pid 8644:tid 680] AH01909: www.example.com:443:0 server certificate does NOT include an ID which matches the server name
[Sun Feb 11 15:41:33.536700 2018] [core:warn] [pid 8644:tid 680] AH00098: pid file C:/xampp/apache/logs/httpd.pid overwritten -- Unclean shutdown of previous Apache run?
[Sun Feb 11 15:41:33.536700 2018] [ssl:warn] [pid 8644:tid 680] AH01909: www.example.com:443:0 server certificate does NOT include an ID which matches the server name
[Sun Feb 11 15:41:34.364945 2018] [mpm_winnt:notice] [pid 8644:tid 680] AH00455: Apache/2.4.29 (Win32) OpenSSL/1.1.0g PHP/7.2.1 configured -- resuming normal operations
[Sun Feb 11 15:41:34.364945 2018] [mpm_winnt:notice] [pid 8644:tid 680] AH00456: Apache Lounge VC15 Server built: Nov  3 2017 10:30:36
[Sun Feb 11 15:41:34.364945 2018] [core:notice] [pid 8644:tid 680] AH00094: Command line: 'c:\\xampp\\apache\\bin\\httpd.exe -d C:/xampp/apache'
[Sun Feb 11 15:41:34.364945 2018] [mpm_winnt:notice] [pid 8644:tid 680] AH00418: Parent: Created child process 7896
[Sun Feb 11 15:41:34.880625 2018] [ssl:warn] [pid 7896:tid 680] AH01909: www.example.com:443:0 server certificate does NOT include an ID which matches the server name
[Sun Feb 11 15:41:34.911882 2018] [ssl:warn] [pid 7896:tid 680] AH01909: www.example.com:443:0 server certificate does NOT include an ID which matches the server name
[Sun Feb 11 15:41:34.943098 2018] [mpm_winnt:notice] [pid 7896:tid 680] AH00354: Child: Starting 150 worker threads.
[Sun Feb 11 15:42:01.388936 2018] [php7:warn] [pid 7896:tid 1944] [client ::1:51963] PHP Warning:  Use of undefined constant DB_USER - assumed 'DB_USER' (this will throw an Error in a future version of PHP) in C:\\xampp\\htdocs\\wordpress\\wp-includes\\load.php on line 404
[Sun Feb 11 15:42:01.388936 2018] [php7:warn] [pid 7896:tid 1944] [client ::1:51963] PHP Warning:  Use of undefined constant DB_PASSWORD - assumed 'DB_PASSWORD' (this will throw an Error in a future version of PHP) in C:\\xampp\\htdocs\\wordpress\\wp-includes\\load.php on line 404
[Sun Feb 11 15:42:01.388936 2018] [php7:warn] [pid 7896:tid 1944] [client ::1:51963] PHP Warning:  Use of undefined constant DB_NAME - assumed 'DB_NAME' (this will throw an Error in a future version of PHP) in C:\\xampp\\htdocs\\wordpress\\wp-includes\\load.php on line 404
[Sun Feb 11 15:42:01.388936 2018] [php7:warn] [pid 7896:tid 1944] [client ::1:51963] PHP Warning:  Use of undefined constant DB_HOST - assumed 'DB_HOST' (this will throw an Error in a future version of PHP) in C:\\xampp\\htdocs\\wordpress\\wp-includes\\load.php on line 404
[Sun Feb 11 15:42:06.503375 2018] [php7:warn] [pid 7896:tid 1912] [client ::1:51967] PHP Warning:  Use of undefined constant DB_USER - assumed 'DB_USER' (this will throw an Error in a future version of PHP) in C:\\xampp\\htdocs\\wordpress\\wp-includes\\load.php on line 404, referer: http://localhost/wordpress/wp-admin/setup-config.php
[Sun Feb 11 15:42:06.503375 2018] [php7:warn] [pid 7896:tid 1912] [client ::1:51967] PHP Warning:  Use of undefined constant DB_PASSWORD - assumed 'DB_PASSWORD' (this will throw an Error in a future version of PHP) in C:\\xampp\\htdocs\\wordpress\\wp-includes\\load.php on line 404, referer: http://localhost/wordpress/wp-admin/setup-config.php
[Sun Feb 11 15:42:06.503375 2018] [php7:warn] [pid 7896:tid 1912] [client ::1:51967] PHP Warning:  Use of undefined constant DB_NAME - assumed 'DB_NAME' (this will throw an Error in a future version of PHP) in C:\\xampp\\htdocs\\wordpress\\wp-includes\\load.php on line 404, referer: http://localhost/wordpress/wp-admin/setup-config.php
[Sun Feb 11 15:42:06.504378 2018] [php7:warn] [pid 7896:tid 1912] [client ::1:51967] PHP Warning:  Use of undefined constant DB_HOST - assumed 'DB_HOST' (this will throw an Error in a future version of PHP) in C:\\xampp\\htdocs\\wordpress\\wp-includes\\load.php on line 404, referer: http://localhost/wordpress/wp-admin/setup-config.php
[Sun Feb 11 15:42:25.123569 2018] [php7:warn] [pid 7896:tid 1920] [client ::1:51976] PHP Warning:  Use of undefined constant DB_USER - assumed 'DB_USER' (this will throw an Error in a future version of PHP) in C:\\xampp\\htdocs\\wordpress\\wp-includes\\load.php on line 404, referer: http://localhost/wordpress/wp-admin/setup-config.php?step=1&language=fr_FR
[Sun Feb 11 15:42:25.123569 2018] [php7:warn] [pid 7896:tid 1920] [client ::1:51976] PHP Warning:  Use of undefined constant DB_PASSWORD - assumed 'DB_PASSWORD' (this will throw an Error in a future version of PHP) in C:\\xampp\\htdocs\\wordpress\\wp-includes\\load.php on line 404, referer: http://localhost/wordpress/wp-admin/setup-config.php?step=1&language=fr_FR
[Sun Feb 11 15:42:25.123569 2018] [php7:warn] [pid 7896:tid 1920] [client ::1:51976] PHP Warning:  Use of undefined constant DB_NAME - assumed 'DB_NAME' (this will throw an Error in a future version of PHP) in C:\\xampp\\htdocs\\wordpress\\wp-includes\\load.php on line 404, referer: http://localhost/wordpress/wp-admin/setup-config.php?step=1&language=fr_FR
[Sun Feb 11 15:42:25.123569 2018] [php7:warn] [pid 7896:tid 1920] [client ::1:51976] PHP Warning:  Use of undefined constant DB_HOST - assumed 'DB_HOST' (this will throw an Error in a future version of PHP) in C:\\xampp\\htdocs\\wordpress\\wp-includes\\load.php on line 404, referer: http://localhost/wordpress/wp-admin/setup-config.php?step=1&language=fr_FR
[Sun Feb 11 15:43:01.848647 2018] [php7:warn] [pid 7896:tid 1900] [client ::1:51992] PHP Warning:  Use of undefined constant DB_USER - assumed 'DB_USER' (this will throw an Error in a future version of PHP) in C:\\xampp\\htdocs\\wordpress\\wp-includes\\load.php on line 404, referer: http://localhost/wordpress/wp-admin/setup-config.php?step=1&language=fr_FR
[Sun Feb 11 15:43:01.848647 2018] [php7:warn] [pid 7896:tid 1900] [client ::1:51992] PHP Warning:  Use of undefined constant DB_PASSWORD - assumed 'DB_PASSWORD' (this will throw an Error in a future version of PHP) in C:\\xampp\\htdocs\\wordpress\\wp-includes\\load.php on line 404, referer: http://localhost/wordpress/wp-admin/setup-config.php?step=1&language=fr_FR
[Sun Feb 11 15:43:01.850664 2018] [php7:warn] [pid 7896:tid 1900] [client ::1:51992] PHP Warning:  Use of undefined constant DB_NAME - assumed 'DB_NAME' (this will throw an Error in a future version of PHP) in C:\\xampp\\htdocs\\wordpress\\wp-includes\\load.php on line 404, referer: http://localhost/wordpress/wp-admin/setup-config.php?step=1&language=fr_FR
[Sun Feb 11 15:43:01.852661 2018] [php7:warn] [pid 7896:tid 1900] [client ::1:51992] PHP Warning:  Use of undefined constant DB_HOST - assumed 'DB_HOST' (this will throw an Error in a future version of PHP) in C:\\xampp\\htdocs\\wordpress\\wp-includes\\load.php on line 404, referer: http://localhost/wordpress/wp-admin/setup-config.php?step=1&language=fr_FR
[Mon Feb 12 14:12:48.341003 2018] [php7:warn] [pid 7896:tid 1944] [client ::1:63269] PHP Warning:  A non-numeric value encountered in C:\\xampp\\htdocs\\wordpress\\wp-includes\\SimplePie\\Parse\\Date.php on line 694, referer: http://localhost/wordpress/wp-admin/post.php?post=2&action=edit
[Mon Feb 12 14:12:48.341003 2018] [php7:warn] [pid 7896:tid 1944] [client ::1:63269] PHP Warning:  A non-numeric value encountered in C:\\xampp\\htdocs\\wordpress\\wp-includes\\SimplePie\\Parse\\Date.php on line 694, referer: http://localhost/wordpress/wp-admin/post.php?post=2&action=edit
[Mon Feb 12 14:12:48.341003 2018] [php7:warn] [pid 7896:tid 1944] [client ::1:63269] PHP Warning:  A non-numeric value encountered in C:\\xampp\\htdocs\\wordpress\\wp-includes\\SimplePie\\Parse\\Date.php on line 694, referer: http://localhost/wordpress/wp-admin/post.php?post=2&action=edit
[Mon Feb 12 14:12:48.342006 2018] [php7:warn] [pid 7896:tid 1944] [client ::1:63269] PHP Warning:  A non-numeric value encountered in C:\\xampp\\htdocs\\wordpress\\wp-includes\\SimplePie\\Parse\\Date.php on line 694, referer: http://localhost/wordpress/wp-admin/post.php?post=2&action=edit
[Mon Feb 12 14:12:48.342006 2018] [php7:warn] [pid 7896:tid 1944] [client ::1:63269] PHP Warning:  A non-numeric value encountered in C:\\xampp\\htdocs\\wordpress\\wp-includes\\SimplePie\\Parse\\Date.php on line 694, referer: http://localhost/wordpress/wp-admin/post.php?post=2&action=edit
[Mon Feb 12 14:13:35.712108 2018] [php7:warn] [pid 7896:tid 1928] [client ::1:63302] PHP Warning:  A non-numeric value encountered in C:\\xampp\\htdocs\\wordpress\\wp-includes\\SimplePie\\Parse\\Date.php on line 694, referer: http://localhost/wordpress/wp-admin/post.php?post=2&action=edit
[Mon Feb 12 14:13:35.712108 2018] [php7:warn] [pid 7896:tid 1928] [client ::1:63302] PHP Warning:  A non-numeric value encountered in C:\\xampp\\htdocs\\wordpress\\wp-includes\\SimplePie\\Parse\\Date.php on line 694, referer: http://localhost/wordpress/wp-admin/post.php?post=2&action=edit
[Mon Feb 12 14:13:35.713112 2018] [php7:warn] [pid 7896:tid 1928] [client ::1:63302] PHP Warning:  A non-numeric value encountered in C:\\xampp\\htdocs\\wordpress\\wp-includes\\SimplePie\\Parse\\Date.php on line 694, referer: http://localhost/wordpress/wp-admin/post.php?post=2&action=edit
[Mon Feb 12 14:13:35.713112 2018] [php7:warn] [pid 7896:tid 1928] [client ::1:63302] PHP Warning:  A non-numeric value encountered in C:\\xampp\\htdocs\\wordpress\\wp-includes\\SimplePie\\Parse\\Date.php on line 694, referer: http://localhost/wordpress/wp-admin/post.php?post=2&action=edit
[Mon Feb 12 14:13:35.714114 2018] [php7:warn] [pid 7896:tid 1928] [client ::1:63302] PHP Warning:  A non-numeric value encountered in C:\\xampp\\htdocs\\wordpress\\wp-includes\\SimplePie\\Parse\\Date.php on line 694, referer: http://localhost/wordpress/wp-admin/post.php?post=2&action=edit
[Mon Feb 12 16:01:55.347851 2018] [core:error] [pid 7896:tid 1920] (20024)The given path is misformatted or contained invalid characters: [client ::1:52029] AH00127: Cannot map GET /wordpress/.../images/cadre1.png HTTP/1.1 to file, referer: http://localhost/wordpress/?customize_changeset_uuid=22f1b07e-3dc4-4d31-9396-7ec147e6c5a5&customize_theme=oria&customize_messenger_channel=preview-0
[Mon Feb 12 16:01:55.475189 2018] [core:error] [pid 7896:tid 1920] (20024)The given path is misformatted or contained invalid characters: [client ::1:52029] AH00127: Cannot map GET /wordpress/..../images/cadre1.png HTTP/1.1 to file, referer: http://localhost/wordpress/?customize_changeset_uuid=22f1b07e-3dc4-4d31-9396-7ec147e6c5a5&customize_theme=oria&customize_messenger_channel=preview-0
[Mon Feb 12 16:02:00.937097 2018] [core:error] [pid 7896:tid 1920] (20024)The given path is misformatted or contained invalid characters: [client ::1:52029] AH00127: Cannot map GET /wordpress/.../images/cadre1.png HTTP/1.1 to file, referer: http://localhost/wordpress/?customize_changeset_uuid=22f1b07e-3dc4-4d31-9396-7ec147e6c5a5&customize_theme=oria&customize_messenger_channel=preview-0
[Mon Feb 12 18:02:52.421117 2018] [php7:warn] [pid 7896:tid 1920] [client ::1:53662] PHP Warning:  count(): Parameter must be an array or an object that implements Countable in C:\\xampp\\htdocs\\wordpress\\wp-content\\plugins\\floating-social-media-icon\\function.php on line 948, referer: http://localhost/wordpress/wp-admin/plugin-install.php?s=FLOATING+SOCIAL&tab=search&type=term
[Mon Feb 12 18:02:52.666769 2018] [php7:warn] [pid 7896:tid 1920] [client ::1:53662] PHP Warning:  count(): Parameter must be an array or an object that implements Countable in C:\\xampp\\htdocs\\wordpress\\wp-content\\plugins\\floating-social-media-icon\\function.php on line 948, referer: http://localhost/wordpress/wp-admin/plugin-install.php?s=FLOATING+SOCIAL&tab=search&type=term
[Mon Feb 12 18:03:04.654635 2018] [php7:warn] [pid 7896:tid 1900] [client ::1:53675] PHP Warning:  count(): Parameter must be an array or an object that implements Countable in C:\\xampp\\htdocs\\wordpress\\wp-content\\plugins\\floating-social-media-icon\\function.php on line 948, referer: http://localhost/wordpress/wp-admin/plugins.php?charsout=219&plugin=floating-social-media-icon%2Facurax-social-icon.php&plugin_status=all&paged=1&s
[Mon Feb 12 18:03:23.436671 2018] [php7:warn] [pid 7896:tid 1936] [client ::1:53682] PHP Warning:  count(): Parameter must be an array or an object that implements Countable in C:\\xampp\\htdocs\\wordpress\\wp-content\\plugins\\floating-social-media-icon\\function.php on line 948, referer: http://localhost/wordpress/wp-admin/widgets.php
[Mon Feb 12 18:03:23.940986 2018] [php7:warn] [pid 7896:tid 1936] [client ::1:53682] PHP Warning:  count(): Parameter must be an array or an object that implements Countable in C:\\xampp\\htdocs\\wordpress\\wp-content\\plugins\\floating-social-media-icon\\function.php on line 948, referer: http://localhost/wordpress/wp-admin/widgets.php
[Mon Feb 12 18:03:51.503218 2018] [php7:warn] [pid 7896:tid 1936] [client ::1:53685] PHP Warning:  count(): Parameter must be an array or an object that implements Countable in C:\\xampp\\htdocs\\wordpress\\wp-content\\plugins\\floating-social-media-icon\\function.php on line 948, referer: http://localhost/wordpress/wp-admin/widgets.php
[Mon Feb 12 18:03:58.845187 2018] [php7:warn] [pid 7896:tid 1936] [client ::1:53687] PHP Warning:  count(): Parameter must be an array or an object that implements Countable in C:\\xampp\\htdocs\\wordpress\\wp-content\\plugins\\floating-social-media-icon\\function.php on line 948, referer: http://localhost/wordpress/wp-admin/post.php?post=2&action=edit
[Mon Feb 12 18:04:06.238510 2018] [php7:warn] [pid 7896:tid 1936] [client ::1:53689] PHP Warning:  count(): Parameter must be an array or an object that implements Countable in C:\\xampp\\htdocs\\wordpress\\wp-content\\plugins\\floating-social-media-icon\\function.php on line 948, referer: http://localhost/wordpress/wp-admin/widgets.php
[Mon Feb 12 18:04:40.221519 2018] [php7:warn] [pid 7896:tid 1936] [client ::1:53692] PHP Warning:  count(): Parameter must be an array or an object that implements Countable in C:\\xampp\\htdocs\\wordpress\\wp-content\\plugins\\floating-social-media-icon\\function.php on line 948, referer: http://localhost/wordpress/wp-admin/widgets.php
[Mon Feb 12 18:04:58.824296 2018] [php7:warn] [pid 7896:tid 1936] [client ::1:53694] PHP Warning:  count(): Parameter must be an array or an object that implements Countable in C:\\xampp\\htdocs\\wordpress\\wp-content\\plugins\\floating-social-media-icon\\function.php on line 948, referer: http://localhost/wordpress/wp-admin/post.php?post=2&action=edit
[Mon Feb 12 18:05:21.542535 2018] [php7:warn] [pid 7896:tid 1936] [client ::1:53696] PHP Warning:  count(): Parameter must be an array or an object that implements Countable in C:\\xampp\\htdocs\\wordpress\\wp-content\\plugins\\floating-social-media-icon\\function.php on line 948, referer: http://localhost/wordpress/wp-admin/post.php?post=2&action=edit
[Mon Feb 12 18:05:22.214320 2018] [php7:warn] [pid 7896:tid 1936] [client ::1:53696] PHP Warning:  count(): Parameter must be an array or an object that implements Countable in C:\\xampp\\htdocs\\wordpress\\wp-content\\plugins\\floating-social-media-icon\\function.php on line 948, referer: http://localhost/wordpress/wp-admin/post.php?post=2&action=edit
[Mon Feb 12 18:05:23.302214 2018] [php7:warn] [pid 7896:tid 1936] [client ::1:53696] PHP Warning:  count(): Parameter must be an array or an object that implements Countable in C:\\xampp\\htdocs\\wordpress\\wp-content\\plugins\\floating-social-media-icon\\function.php on line 948, referer: http://localhost/wordpress/wp-admin/post.php?post=2&action=edit
[Mon Feb 12 18:05:31.243174 2018] [php7:warn] [pid 7896:tid 1936] [client ::1:53707] PHP Warning:  count(): Parameter must be an array or an object that implements Countable in C:\\xampp\\htdocs\\wordpress\\wp-content\\plugins\\floating-social-media-icon\\function.php on line 948, referer: http://localhost/wordpress/wp-admin/post.php?post=2&action=edit
[Mon Feb 12 18:05:31.938013 2018] [php7:warn] [pid 7896:tid 1936] [client ::1:53707] PHP Warning:  count(): Parameter must be an array or an object that implements Countable in C:\\xampp\\htdocs\\wordpress\\wp-content\\plugins\\floating-social-media-icon\\function.php on line 948, referer: http://localhost/wordpress/wp-admin/post.php?post=2&action=edit
[Mon Feb 12 18:05:33.100102 2018] [php7:warn] [pid 7896:tid 1936] [client ::1:53707] PHP Warning:  count(): Parameter must be an array or an object that implements Countable in C:\\xampp\\htdocs\\wordpress\\wp-content\\plugins\\floating-social-media-icon\\function.php on line 948, referer: http://localhost/wordpress/wp-admin/post.php?post=2&action=edit
[Mon Feb 12 18:05:40.738831 2018] [php7:warn] [pid 7896:tid 1936] [client ::1:53711] PHP Warning:  count(): Parameter must be an array or an object that implements Countable in C:\\xampp\\htdocs\\wordpress\\wp-content\\plugins\\floating-social-media-icon\\function.php on line 948, referer: http://localhost/wordpress/wp-admin/widgets.php
[Mon Feb 12 18:05:41.676328 2018] [php7:warn] [pid 7896:tid 1936] [client ::1:53711] PHP Warning:  count(): Parameter must be an array or an object that implements Countable in C:\\xampp\\htdocs\\wordpress\\wp-content\\plugins\\floating-social-media-icon\\function.php on line 948, referer: http://localhost/wordpress/wp-admin/widgets.php
[Mon Feb 12 18:05:59.821150 2018] [php7:warn] [pid 7896:tid 1920] [client ::1:53720] PHP Warning:  count(): Parameter must be an array or an object that implements Countable in C:\\xampp\\htdocs\\wordpress\\wp-content\\plugins\\floating-social-media-icon\\function.php on line 948, referer: http://localhost/wordpress/wp-admin/widgets.php
[Mon Feb 12 18:06:12.901920 2018] [php7:warn] [pid 7896:tid 1920] [client ::1:53722] PHP Warning:  count(): Parameter must be an array or an object that implements Countable in C:\\xampp\\htdocs\\wordpress\\wp-content\\plugins\\floating-social-media-icon\\function.php on line 948, referer: http://localhost/wordpress/wp-admin/post.php?post=2&action=edit
[Mon Feb 12 18:06:13.608800 2018] [php7:warn] [pid 7896:tid 1920] [client ::1:53722] PHP Warning:  count(): Parameter must be an array or an object that implements Countable in C:\\xampp\\htdocs\\wordpress\\wp-content\\plugins\\floating-social-media-icon\\function.php on line 948, referer: http://localhost/wordpress/wp-admin/post.php?post=2&action=edit
[Mon Feb 12 18:06:14.513204 2018] [php7:warn] [pid 7896:tid 1920] [client ::1:53722] PHP Warning:  count(): Parameter must be an array or an object that implements Countable in C:\\xampp\\htdocs\\wordpress\\wp-content\\plugins\\floating-social-media-icon\\function.php on line 948, referer: http://localhost/wordpress/wp-admin/post.php?post=2&action=edit
[Mon Feb 12 18:06:24.806876 2018] [php7:warn] [pid 7896:tid 1920] [client ::1:53730] PHP Warning:  count(): Parameter must be an array or an object that implements Countable in C:\\xampp\\htdocs\\wordpress\\wp-content\\plugins\\floating-social-media-icon\\function.php on line 948, referer: http://localhost/wordpress/wp-admin/widgets.php
[Mon Feb 12 18:06:34.490617 2018] [php7:warn] [pid 7896:tid 1936] [client ::1:53731] PHP Warning:  count(): Parameter must be an array or an object that implements Countable in C:\\xampp\\htdocs\\wordpress\\wp-content\\plugins\\floating-social-media-icon\\function.php on line 948, referer: http://localhost/wordpress/wp-admin/widgets.php
[Mon Feb 12 18:07:00.236299 2018] [php7:warn] [pid 7896:tid 1920] [client ::1:53737] PHP Warning:  count(): Parameter must be an array or an object that implements Countable in C:\\xampp\\htdocs\\wordpress\\wp-content\\plugins\\floating-social-media-icon\\function.php on line 948, referer: http://localhost/wordpress/wp-admin/widgets.php
[Mon Feb 12 18:07:02.644576 2018] [php7:warn] [pid 7896:tid 1920] [client ::1:53737] PHP Warning:  count(): Parameter must be an array or an object that implements Countable in C:\\xampp\\htdocs\\wordpress\\wp-content\\plugins\\floating-social-media-icon\\function.php on line 948, referer: http://localhost/wordpress/wp-admin/post.php?post=2&action=edit
[Mon Feb 12 18:07:03.329398 2018] [php7:warn] [pid 7896:tid 1920] [client ::1:53737] PHP Warning:  count(): Parameter must be an array or an object that implements Countable in C:\\xampp\\htdocs\\wordpress\\wp-content\\plugins\\floating-social-media-icon\\function.php on line 948, referer: http://localhost/wordpress/wp-admin/post.php?post=2&action=edit
[Mon Feb 12 18:07:04.326047 2018] [php7:warn] [pid 7896:tid 1920] [client ::1:53737] PHP Warning:  count(): Parameter must be an array or an object that implements Countable in C:\\xampp\\htdocs\\wordpress\\wp-content\\plugins\\floating-social-media-icon\\function.php on line 948, referer: http://localhost/wordpress/wp-admin/post.php?post=2&action=edit
[Mon Feb 12 18:07:24.341059 2018] [php7:warn] [pid 7896:tid 1920] [client ::1:53747] PHP Warning:  count(): Parameter must be an array or an object that implements Countable in C:\\xampp\\htdocs\\wordpress\\wp-content\\plugins\\floating-social-media-icon\\function.php on line 948, referer: http://localhost/wordpress/wp-admin/post.php?post=2&action=edit
[Mon Feb 12 18:07:25.028889 2018] [php7:warn] [pid 7896:tid 1920] [client ::1:53747] PHP Warning:  count(): Parameter must be an array or an object that implements Countable in C:\\xampp\\htdocs\\wordpress\\wp-content\\plugins\\floating-social-media-icon\\function.php on line 948, referer: http://localhost/wordpress/wp-admin/post.php?post=2&action=edit
[Mon Feb 12 18:07:26.087704 2018] [php7:warn] [pid 7896:tid 1920] [client ::1:53747] PHP Warning:  count(): Parameter must be an array or an object that implements Countable in C:\\xampp\\htdocs\\wordpress\\wp-content\\plugins\\floating-social-media-icon\\function.php on line 948, referer: http://localhost/wordpress/wp-admin/post.php?post=2&action=edit
[Mon Feb 12 18:07:28.756798 2018] [php7:warn] [pid 7896:tid 1920] [client ::1:53747] PHP Warning:  count(): Parameter must be an array or an object that implements Countable in C:\\xampp\\htdocs\\wordpress\\wp-content\\plugins\\floating-social-media-icon\\function.php on line 948, referer: http://localhost/wordpress/wp-admin/post.php?post=2&action=edit
[Mon Feb 12 18:07:29.509811 2018] [php7:warn] [pid 7896:tid 1920] [client ::1:53747] PHP Warning:  count(): Parameter must be an array or an object that implements Countable in C:\\xampp\\htdocs\\wordpress\\wp-content\\plugins\\floating-social-media-icon\\function.php on line 948, referer: http://localhost/wordpress/wp-admin/post.php?post=2&action=edit
[Mon Feb 12 18:07:30.376104 2018] [php7:warn] [pid 7896:tid 1920] [client ::1:53747] PHP Warning:  count(): Parameter must be an array or an object that implements Countable in C:\\xampp\\htdocs\\wordpress\\wp-content\\plugins\\floating-social-media-icon\\function.php on line 948, referer: http://localhost/wordpress/wp-admin/post.php?post=2&action=edit
[Mon Feb 12 18:07:32.146810 2018] [php7:warn] [pid 7896:tid 1920] [client ::1:53747] PHP Warning:  count(): Parameter must be an array or an object that implements Countable in C:\\xampp\\htdocs\\wordpress\\wp-content\\plugins\\floating-social-media-icon\\function.php on line 948, referer: http://localhost/wordpress/wp-admin/widgets.php
[Mon Feb 12 18:07:44.437541 2018] [php7:warn] [pid 7896:tid 1920] [client ::1:53761] PHP Warning:  count(): Parameter must be an array or an object that implements Countable in C:\\xampp\\htdocs\\wordpress\\wp-content\\plugins\\floating-social-media-icon\\function.php on line 948, referer: http://localhost/wordpress/wp-admin/post.php?post=2&action=edit
[Mon Feb 12 18:07:45.081252 2018] [php7:warn] [pid 7896:tid 1900] [client ::1:53763] PHP Warning:  count(): Parameter must be an array or an object that implements Countable in C:\\xampp\\htdocs\\wordpress\\wp-content\\plugins\\floating-social-media-icon\\function.php on line 948, referer: http://localhost/wordpress/wp-admin/post.php?post=2&action=edit
[Mon Feb 12 18:07:45.407118 2018] [php7:warn] [pid 7896:tid 1920] [client ::1:53761] PHP Warning:  count(): Parameter must be an array or an object that implements Countable in C:\\xampp\\htdocs\\wordpress\\wp-content\\plugins\\floating-social-media-icon\\function.php on line 948, referer: http://localhost/wordpress/wp-admin/edit.php?post_type=wpos_stack_slider
[Mon Feb 12 18:07:50.865066 2018] [php7:warn] [pid 7896:tid 1920] [client ::1:53761] PHP Warning:  count(): Parameter must be an array or an object that implements Countable in C:\\xampp\\htdocs\\wordpress\\wp-content\\plugins\\floating-social-media-icon\\function.php on line 948, referer: http://localhost/wordpress/wp-admin/edit.php?post_type=wpos_stack_slider
[Mon Feb 12 18:07:55.704933 2018] [php7:warn] [pid 7896:tid 1900] [client ::1:53771] PHP Warning:  count(): Parameter must be an array or an object that implements Countable in C:\\xampp\\htdocs\\wordpress\\wp-content\\plugins\\floating-social-media-icon\\function.php on line 948, referer: http://localhost/wordpress/wp-admin/post.php?post=23&action=edit
[Mon Feb 12 18:08:01.290504 2018] [php7:warn] [pid 7896:tid 1912] [client ::1:53777] PHP Warning:  count(): Parameter must be an array or an object that implements Countable in C:\\xampp\\htdocs\\wordpress\\wp-content\\plugins\\floating-social-media-icon\\function.php on line 948, referer: http://localhost/wordpress/wp-admin/widgets.php
[Mon Feb 12 18:08:03.699910 2018] [php7:warn] [pid 7896:tid 1912] [client ::1:53777] PHP Warning:  count(): Parameter must be an array or an object that implements Countable in C:\\xampp\\htdocs\\wordpress\\wp-content\\plugins\\floating-social-media-icon\\function.php on line 948, referer: http://localhost/wordpress/wp-admin/post.php?post=23&action=edit
[Mon Feb 12 18:08:04.337604 2018] [php7:warn] [pid 7896:tid 1944] [client ::1:53782] PHP Warning:  count(): Parameter must be an array or an object that implements Countable in C:\\xampp\\htdocs\\wordpress\\wp-content\\plugins\\floating-social-media-icon\\function.php on line 948, referer: http://localhost/wordpress/wp-admin/post.php?post=23&action=edit
[Mon Feb 12 18:08:04.559195 2018] [php7:warn] [pid 7896:tid 1912] [client ::1:53777] PHP Warning:  count(): Parameter must be an array or an object that implements Countable in C:\\xampp\\htdocs\\wordpress\\wp-content\\plugins\\floating-social-media-icon\\function.php on line 948, referer: http://localhost/wordpress/wp-admin/edit.php?post_type=page
[Mon Feb 12 18:08:06.597614 2018] [php7:warn] [pid 7896:tid 1912] [client ::1:53777] PHP Warning:  count(): Parameter must be an array or an object that implements Countable in C:\\xampp\\htdocs\\wordpress\\wp-content\\plugins\\floating-social-media-icon\\function.php on line 948, referer: http://localhost/wordpress/wp-admin/edit.php?post_type=page
[Mon Feb 12 18:08:13.946626 2018] [php7:warn] [pid 7896:tid 1912] [client ::1:53788] PHP Warning:  count(): Parameter must be an array or an object that implements Countable in C:\\xampp\\htdocs\\wordpress\\wp-content\\plugins\\floating-social-media-icon\\function.php on line 948, referer: http://localhost/wordpress/wp-admin/post.php?post=2&action=edit
[Mon Feb 12 18:08:14.631463 2018] [php7:warn] [pid 7896:tid 1912] [client ::1:53788] PHP Warning:  count(): Parameter must be an array or an object that implements Countable in C:\\xampp\\htdocs\\wordpress\\wp-content\\plugins\\floating-social-media-icon\\function.php on line 948, referer: http://localhost/wordpress/wp-admin/post.php?post=2&action=edit
[Mon Feb 12 18:08:15.481706 2018] [php7:warn] [pid 7896:tid 1912] [client ::1:53788] PHP Warning:  count(): Parameter must be an array or an object that implements Countable in C:\\xampp\\htdocs\\wordpress\\wp-content\\plugins\\floating-social-media-icon\\function.php on line 948, referer: http://localhost/wordpress/wp-admin/post.php?post=2&action=edit
[Mon Feb 12 18:08:21.475449 2018] [php7:warn] [pid 7896:tid 1912] [client ::1:53788] PHP Warning:  count(): Parameter must be an array or an object that implements Countable in C:\\xampp\\htdocs\\wordpress\\wp-content\\plugins\\floating-social-media-icon\\function.php on line 948, referer: http://localhost/wordpress/wp-admin/widgets.php
[Mon Feb 12 18:08:31.262291 2018] [php7:warn] [pid 7896:tid 1944] [client ::1:53792] PHP Warning:  count(): Parameter must be an array or an object that implements Countable in C:\\xampp\\htdocs\\wordpress\\wp-content\\plugins\\floating-social-media-icon\\function.php on line 948, referer: http://localhost/wordpress/
[Mon Feb 12 18:08:49.335826 2018] [php7:warn] [pid 7896:tid 1944] [client ::1:53802] PHP Warning:  count(): Parameter must be an array or an object that implements Countable in C:\\xampp\\htdocs\\wordpress\\wp-content\\plugins\\floating-social-media-icon\\function.php on line 948, referer: http://localhost/wordpress/wp-admin/
[Mon Feb 12 18:08:58.482477 2018] [php7:warn] [pid 7896:tid 1944] [client ::1:53807] PHP Warning:  count(): Parameter must be an array or an object that implements Countable in C:\\xampp\\htdocs\\wordpress\\wp-content\\plugins\\floating-social-media-icon\\function.php on line 948, referer: http://localhost/wordpress/wp-admin/plugins.php
[Tue Feb 13 11:30:31.874790 2018] [ssl:warn] [pid 4596:tid 740] AH01909: www.example.com:443:0 server certificate does NOT include an ID which matches the server name
[Tue Feb 13 11:30:31.921669 2018] [core:warn] [pid 4596:tid 740] AH00098: pid file C:/xampp/apache/logs/httpd.pid overwritten -- Unclean shutdown of previous Apache run?
[Tue Feb 13 11:30:31.921669 2018] [ssl:warn] [pid 4596:tid 740] AH01909: www.example.com:443:0 server certificate does NOT include an ID which matches the server name
[Tue Feb 13 11:30:32.046680 2018] [mpm_winnt:notice] [pid 4596:tid 740] AH00455: Apache/2.4.29 (Win32) OpenSSL/1.1.0g PHP/7.2.1 configured -- resuming normal operations
[Tue Feb 13 11:30:32.046680 2018] [mpm_winnt:notice] [pid 4596:tid 740] AH00456: Apache Lounge VC15 Server built: Nov  3 2017 10:30:36
[Tue Feb 13 11:30:32.046680 2018] [core:notice] [pid 4596:tid 740] AH00094: Command line: 'c:\\xampp\\apache\\bin\\httpd.exe -d C:/xampp/apache'
[Tue Feb 13 11:30:32.046680 2018] [mpm_winnt:notice] [pid 4596:tid 740] AH00418: Parent: Created child process 8100
[Tue Feb 13 11:30:32.533843 2018] [ssl:warn] [pid 8100:tid 720] AH01909: www.example.com:443:0 server certificate does NOT include an ID which matches the server name
[Tue Feb 13 11:30:32.580724 2018] [ssl:warn] [pid 8100:tid 720] AH01909: www.example.com:443:0 server certificate does NOT include an ID which matches the server name
[Tue Feb 13 11:30:32.611977 2018] [mpm_winnt:notice] [pid 8100:tid 720] AH00354: Child: Starting 150 worker threads.
[Tue Feb 13 15:51:32.880311 2018] [php7:notice] [pid 8100:tid 1924] [client ::1:62513] Erreur de la base de donn\xc3\xa9es WordPress Table 'monsite.wp_az_indexes' doesn't exist pour la requ\xc3\xaate DESCRIBE wp_az_indexes faite par activate_plugin, do_action('activate_azindex/az-index-admin.php'), WP_Hook->do_action, WP_Hook->apply_filters, az_plugin_activate, az_is_table_present, referer: http://localhost/wordpress/wp-admin/plugin-install.php?s=azindex&tab=search&type=term
[Thu Feb 15 09:57:20.161385 2018] [ssl:warn] [pid 692:tid 660] AH01909: www.example.com:443:0 server certificate does NOT include an ID which matches the server name
[Thu Feb 15 09:57:20.208269 2018] [core:warn] [pid 692:tid 660] AH00098: pid file C:/xampp/apache/logs/httpd.pid overwritten -- Unclean shutdown of previous Apache run?
[Thu Feb 15 09:57:20.208269 2018] [ssl:warn] [pid 692:tid 660] AH01909: www.example.com:443:0 server certificate does NOT include an ID which matches the server name
[Thu Feb 15 09:57:20.348909 2018] [mpm_winnt:notice] [pid 692:tid 660] AH00455: Apache/2.4.29 (Win32) OpenSSL/1.1.0g PHP/7.2.1 configured -- resuming normal operations
[Thu Feb 15 09:57:20.348909 2018] [mpm_winnt:notice] [pid 692:tid 660] AH00456: Apache Lounge VC15 Server built: Nov  3 2017 10:30:36
[Thu Feb 15 09:57:20.348909 2018] [core:notice] [pid 692:tid 660] AH00094: Command line: 'c:\\xampp\\apache\\bin\\httpd.exe -d C:/xampp/apache'
[Thu Feb 15 09:57:20.364536 2018] [mpm_winnt:notice] [pid 692:tid 660] AH00418: Parent: Created child process 11668
[Thu Feb 15 09:57:20.770853 2018] [ssl:warn] [pid 11668:tid 680] AH01909: www.example.com:443:0 server certificate does NOT include an ID which matches the server name
[Thu Feb 15 09:57:20.817710 2018] [ssl:warn] [pid 11668:tid 680] AH01909: www.example.com:443:0 server certificate does NOT include an ID which matches the server name
[Thu Feb 15 09:57:20.833336 2018] [mpm_winnt:notice] [pid 11668:tid 680] AH00354: Child: Starting 150 worker threads.
[Thu Feb 15 15:48:59.800173 2018] [php7:crit] [pid 11668:tid 1940] [client ::1:60809] PHP Parse error:  syntax error, unexpected 'sidebar' (T_STRING), expecting ',' or ')' in C:\\xampp\\htdocs\\wordpress\\wp-content\\themes\\oria-child\\header.php on line 65, referer: http://localhost/wordpress/annuaire/
[Thu Feb 15 15:50:20.730322 2018] [php7:warn] [pid 11668:tid 1924] [client ::1:60818] PHP Warning:  Use of undefined constant \xe2\x80\x98dynamic_sidebar\xe2\x80\x99 - assumed '\xe2\x80\x98dynamic_sidebar\xe2\x80\x99' (this will throw an Error in a future version of PHP) in C:\\xampp\\htdocs\\wordpress\\wp-content\\themes\\oria-child\\header.php on line 65, referer: http://localhost/wordpress/annuaire/
[Thu Feb 15 15:53:43.242498 2018] [php7:warn] [pid 11668:tid 1924] [client ::1:60835] PHP Warning:  Use of undefined constant \xe2\x80\x98dynamic_sidebar\xe2\x80\x99 - assumed '\xe2\x80\x98dynamic_sidebar\xe2\x80\x99' (this will throw an Error in a future version of PHP) in C:\\xampp\\htdocs\\wordpress\\wp-content\\themes\\oria-child\\header.php on line 65, referer: http://localhost/wordpress/annuaire/
[Thu Feb 15 15:54:44.617706 2018] [php7:warn] [pid 11668:tid 1924] [client ::1:60845] PHP Warning:  Use of undefined constant \xe2\x80\x98dynamic_sidebar\xe2\x80\x99 - assumed '\xe2\x80\x98dynamic_sidebar\xe2\x80\x99' (this will throw an Error in a future version of PHP) in C:\\xampp\\htdocs\\wordpress\\wp-content\\themes\\oria-child\\header.php on line 65, referer: http://localhost/wordpress/annuaire/
[Fri Feb 16 14:41:00.924755 2018] [ssl:warn] [pid 6472:tid 708] AH01909: www.example.com:443:0 server certificate does NOT include an ID which matches the server name
[Fri Feb 16 14:41:00.971672 2018] [core:warn] [pid 6472:tid 708] AH00098: pid file C:/xampp/apache/logs/httpd.pid overwritten -- Unclean shutdown of previous Apache run?
[Fri Feb 16 14:41:00.971672 2018] [ssl:warn] [pid 6472:tid 708] AH01909: www.example.com:443:0 server certificate does NOT include an ID which matches the server name
[Fri Feb 16 14:41:01.107236 2018] [mpm_winnt:notice] [pid 6472:tid 708] AH00455: Apache/2.4.29 (Win32) OpenSSL/1.1.0g PHP/7.2.1 configured -- resuming normal operations
[Fri Feb 16 14:41:01.107236 2018] [mpm_winnt:notice] [pid 6472:tid 708] AH00456: Apache Lounge VC15 Server built: Nov  3 2017 10:30:36
[Fri Feb 16 14:41:01.107236 2018] [core:notice] [pid 6472:tid 708] AH00094: Command line: 'c:\\xampp\\apache\\bin\\httpd.exe -d C:/xampp/apache'
[Fri Feb 16 14:41:01.122529 2018] [mpm_winnt:notice] [pid 6472:tid 708] AH00418: Parent: Created child process 9236
[Fri Feb 16 14:41:01.555539 2018] [ssl:warn] [pid 9236:tid 668] AH01909: www.example.com:443:0 server certificate does NOT include an ID which matches the server name
[Fri Feb 16 14:41:01.586797 2018] [ssl:warn] [pid 9236:tid 668] AH01909: www.example.com:443:0 server certificate does NOT include an ID which matches the server name
[Fri Feb 16 14:41:01.618051 2018] [mpm_winnt:notice] [pid 9236:tid 668] AH00354: Child: Starting 150 worker threads.
[Mon Feb 19 13:40:58.463913 2018] [ssl:warn] [pid 10956:tid 672] AH01909: www.example.com:443:0 server certificate does NOT include an ID which matches the server name
[Mon Feb 19 13:40:58.495106 2018] [core:warn] [pid 10956:tid 672] AH00098: pid file C:/xampp/apache/logs/httpd.pid overwritten -- Unclean shutdown of previous Apache run?
[Mon Feb 19 13:40:58.510733 2018] [ssl:warn] [pid 10956:tid 672] AH01909: www.example.com:443:0 server certificate does NOT include an ID which matches the server name
[Mon Feb 19 13:40:58.627023 2018] [mpm_winnt:notice] [pid 10956:tid 672] AH00455: Apache/2.4.29 (Win32) OpenSSL/1.1.0g PHP/7.2.1 configured -- resuming normal operations
[Mon Feb 19 13:40:58.627023 2018] [mpm_winnt:notice] [pid 10956:tid 672] AH00456: Apache Lounge VC15 Server built: Nov  3 2017 10:30:36
[Mon Feb 19 13:40:58.627023 2018] [core:notice] [pid 10956:tid 672] AH00094: Command line: 'c:\\xampp\\apache\\bin\\httpd.exe -d C:/xampp/apache'
[Mon Feb 19 13:40:58.642651 2018] [mpm_winnt:notice] [pid 10956:tid 672] AH00418: Parent: Created child process 5556
[Mon Feb 19 13:40:59.149245 2018] [ssl:warn] [pid 5556:tid 724] AH01909: www.example.com:443:0 server certificate does NOT include an ID which matches the server name
[Mon Feb 19 13:40:59.180501 2018] [ssl:warn] [pid 5556:tid 724] AH01909: www.example.com:443:0 server certificate does NOT include an ID which matches the server name
[Mon Feb 19 13:40:59.211753 2018] [mpm_winnt:notice] [pid 5556:tid 724] AH00354: Child: Starting 150 worker threads.
